This is pdfTeX, Version 3.1415926-2.5-1.40.14 (TeX Live 2013/Arch Linux) (format=pdflatex 2014.5.7)  8 MAY 2014 18:41
entering extended mode
 restricted \write18 enabled.
 %&-line parsing enabled.
**IanOoi-FinalReport.tex
(./IanOoi-FinalReport.tex
LaTeX2e <2011/06/27>
Babel <3.9h> and hyphenation patterns for 78 languages loaded.
(/usr/share/texmf-dist/tex/latex/base/article.cls
Document Class: article 2007/10/19 v1.4h Standard LaTeX document class
(/usr/share/texmf-dist/tex/latex/base/size12.clo
File: size12.clo 2007/10/19 v1.4h Standard LaTeX file (size option)
)
\c@part=\count79
\c@section=\count80
\c@subsection=\count81
\c@subsubsection=\count82
\c@paragraph=\count83
\c@subparagraph=\count84
\c@figure=\count85
\c@table=\count86
\abovecaptionskip=\skip41
\belowcaptionskip=\skip42
\bibindent=\dimen102
)
(/usr/share/texmf-dist/tex/latex/pdfpages/pdfpages.sty
Package: pdfpages 2013/08/25 v0.4v Insert pages of external PDF documents (AM)

(/usr/share/texmf-dist/tex/latex/base/ifthen.sty
Package: ifthen 2001/05/26 v1.1c Standard LaTeX ifthen package (DPC)
)
(/usr/share/texmf-dist/tex/latex/tools/calc.sty
Package: calc 2007/08/22 v4.3 Infix arithmetic (KKT,FJ)
\calc@Acount=\count87
\calc@Bcount=\count88
\calc@Adimen=\dimen103
\calc@Bdimen=\dimen104
\calc@Askip=\skip43
\calc@Bskip=\skip44
LaTeX Info: Redefining \setlength on input line 76.
LaTeX Info: Redefining \addtolength on input line 77.
\calc@Ccount=\count89
\calc@Cskip=\skip45
)
(/usr/share/texmf-dist/tex/latex/eso-pic/eso-pic.sty
Package: eso-pic 2013/10/06 v2.0d eso-pic (RN)

(/usr/share/texmf-dist/tex/generic/oberdiek/atbegshi.sty
Package: atbegshi 2011/10/05 v1.16 At begin shipout hook (HO)

(/usr/share/texmf-dist/tex/generic/oberdiek/infwarerr.sty
Package: infwarerr 2010/04/08 v1.3 Providing info/warning/error messages (HO)
)
(/usr/share/texmf-dist/tex/generic/oberdiek/ltxcmds.sty
Package: ltxcmds 2011/11/09 v1.22 LaTeX kernel commands for general use (HO)
)
(/usr/share/texmf-dist/tex/generic/oberdiek/ifpdf.sty
Package: ifpdf 2011/01/30 v2.3 Provides the ifpdf switch (HO)
Package ifpdf Info: pdfTeX in PDF mode is detected.
))
(/usr/share/texmf-dist/tex/latex/graphics/keyval.sty
Package: keyval 1999/03/16 v1.13 key=value parser (DPC)
\KV@toks@=\toks14
)
(/usr/share/texmf-dist/tex/latex/xcolor/xcolor.sty
Package: xcolor 2007/01/21 v2.11 LaTeX color extensions (UK)

(/usr/share/texmf-dist/tex/latex/latexconfig/color.cfg
File: color.cfg 2007/01/18 v1.5 color configuration of teTeX/TeXLive
)
Package xcolor Info: Driver file: pdftex.def on input line 225.

(/usr/share/texmf-dist/tex/latex/pdftex-def/pdftex.def
File: pdftex.def 2011/05/27 v0.06d Graphics/color for pdfTeX
\Gread@gobject=\count90
)
Package xcolor Info: Model `cmy' substituted by `cmy0' on input line 1337.
Package xcolor Info: Model `hsb' substituted by `rgb' on input line 1341.
Package xcolor Info: Model `RGB' extended on input line 1353.
Package xcolor Info: Model `HTML' substituted by `rgb' on input line 1355.
Package xcolor Info: Model `Hsb' substituted by `hsb' on input line 1356.
Package xcolor Info: Model `tHsb' substituted by `hsb' on input line 1357.
Package xcolor Info: Model `HSB' substituted by `hsb' on input line 1358.
Package xcolor Info: Model `Gray' substituted by `gray' on input line 1359.
Package xcolor Info: Model `wave' substituted by `hsb' on input line 1360.
))
(/usr/share/texmf-dist/tex/latex/graphics/graphicx.sty
Package: graphicx 1999/02/16 v1.0f Enhanced LaTeX Graphics (DPC,SPQR)

(/usr/share/texmf-dist/tex/latex/graphics/graphics.sty
Package: graphics 2009/02/05 v1.0o Standard LaTeX Graphics (DPC,SPQR)

(/usr/share/texmf-dist/tex/latex/graphics/trig.sty
Package: trig 1999/03/16 v1.09 sin cos tan (DPC)
)
(/usr/share/texmf-dist/tex/latex/latexconfig/graphics.cfg
File: graphics.cfg 2010/04/23 v1.9 graphics configuration of TeX Live
)
Package graphics Info: Driver file: pdftex.def on input line 91.
)
\Gin@req@height=\dimen105
\Gin@req@width=\dimen106
)
(/usr/share/texmf-dist/tex/latex/pdfpages/pppdftex.def
File: pppdftex.def 2013/08/25 v0.4v Pdfpages driver for pdfTeX (AM)
)
\AM@pagebox=\box26
\AM@toc@title=\toks15
\c@AM@survey=\count91
\AM@templatesizebox=\box27
)
(/usr/share/texmf-dist/tex/latex/float/float.sty
Package: float 2001/11/08 v1.3d Float enhancements (AL)
\c@float@type=\count92
\float@exts=\toks16
\float@box=\box28
\@float@everytoks=\toks17
\@floatcapt=\box29
) (./IanOoi-FinalReport.aux)
\openout1 = `IanOoi-FinalReport.aux'.

LaTeX Font Info:    Checking defaults for OML/cmm/m/it on input line 11.
LaTeX Font Info:    ... okay on input line 11.
LaTeX Font Info:    Checking defaults for T1/cmr/m/n on input line 11.
LaTeX Font Info:    ... okay on input line 11.
LaTeX Font Info:    Checking defaults for OT1/cmr/m/n on input line 11.
LaTeX Font Info:    ... okay on input line 11.
LaTeX Font Info:    Checking defaults for OMS/cmsy/m/n on input line 11.
LaTeX Font Info:    ... okay on input line 11.
LaTeX Font Info:    Checking defaults for OMX/cmex/m/n on input line 11.
LaTeX Font Info:    ... okay on input line 11.
LaTeX Font Info:    Checking defaults for U/cmr/m/n on input line 11.
LaTeX Font Info:    ... okay on input line 11.
\AtBeginShipoutBox=\box30

(/usr/share/texmf-dist/tex/context/base/supp-pdf.mkii
[Loading MPS to PDF converter (version 2006.09.02).]
\scratchcounter=\count93
\scratchdimen=\dimen107
\scratchbox=\box31
\nofMPsegments=\count94
\nofMParguments=\count95
\everyMPshowfont=\toks18
\MPscratchCnt=\count96
\MPscratchDim=\dimen108
\MPnumerator=\count97
\makeMPintoPDFobject=\count98
\everyMPtoPDFconversion=\toks19
) (/usr/share/texmf-dist/tex/generic/oberdiek/pdftexcmds.sty
Package: pdftexcmds 2011/11/29 v0.20 Utility functions of pdfTeX for LuaTeX (HO
)

(/usr/share/texmf-dist/tex/generic/oberdiek/ifluatex.sty
Package: ifluatex 2010/03/01 v1.3 Provides the ifluatex switch (HO)
Package ifluatex Info: LuaTeX not detected.
)
Package pdftexcmds Info: LuaTeX not detected.
Package pdftexcmds Info: \pdf@primitive is available.
Package pdftexcmds Info: \pdf@ifprimitive is available.
Package pdftexcmds Info: \pdfdraftmode found.
)
(/usr/share/texmf-dist/tex/latex/oberdiek/epstopdf-base.sty
Package: epstopdf-base 2010/02/09 v2.5 Base part for package epstopdf

(/usr/share/texmf-dist/tex/latex/oberdiek/grfext.sty
Package: grfext 2010/08/19 v1.1 Manage graphics extensions (HO)

(/usr/share/texmf-dist/tex/generic/oberdiek/kvdefinekeys.sty
Package: kvdefinekeys 2011/04/07 v1.3 Define keys (HO)
))
(/usr/share/texmf-dist/tex/latex/oberdiek/kvoptions.sty
Package: kvoptions 2011/06/30 v3.11 Key value format for package options (HO)

(/usr/share/texmf-dist/tex/generic/oberdiek/kvsetkeys.sty
Package: kvsetkeys 2012/04/25 v1.16 Key value parser (HO)

(/usr/share/texmf-dist/tex/generic/oberdiek/etexcmds.sty
Package: etexcmds 2011/02/16 v1.5 Avoid name clashes with e-TeX commands (HO)
Package etexcmds Info: Could not find \expanded.
(etexcmds)             That can mean that you are not using pdfTeX 1.50 or
(etexcmds)             that some package has redefined \expanded.
(etexcmds)             In the latter case, load this package earlier.
)))
Package grfext Info: Graphics extension search list:
(grfext)             [.png,.pdf,.jpg,.mps,.jpeg,.jbig2,.jb2,.PNG,.PDF,.JPG,.JPE
G,.JBIG2,.JB2,.eps]
(grfext)             \AppendGraphicsExtensions on input line 452.

(/usr/share/texmf-dist/tex/latex/latexconfig/epstopdf-sys.cfg
File: epstopdf-sys.cfg 2010/07/13 v1.3 Configuration of (r)epstopdf for TeX Liv
e
))
LaTeX Font Info:    External font `cmex10' loaded for size
(Font)              <14.4> on input line 12.
LaTeX Font Info:    External font `cmex10' loaded for size
(Font)              <7> on input line 12.
 [1

{/var/lib/texmf/fonts/map/pdftex/updmap/pdftex.map}]
<input_frames/IMG_3056.JPG, id=9, 5637.06pt x 3758.04pt>
File: input_frames/IMG_3056.JPG Graphic file (type jpg)

<use input_frames/IMG_3056.JPG>
Package pdftex.def Info: input_frames/IMG_3056.JPG used on input line 40.
(pdftex.def)             Requested size: 117.00119pt x 77.98648pt.

<input_frames/IMG_3057.JPG, id=10, 5637.06pt x 3758.04pt>
File: input_frames/IMG_3057.JPG Graphic file (type jpg)

<use input_frames/IMG_3057.JPG>
Package pdftex.def Info: input_frames/IMG_3057.JPG used on input line 41.
(pdftex.def)             Requested size: 117.00119pt x 77.98648pt.

<input_frames/IMG_3058.JPG, id=11, 5637.06pt x 3758.04pt>
File: input_frames/IMG_3058.JPG Graphic file (type jpg)

<use input_frames/IMG_3058.JPG>
Package pdftex.def Info: input_frames/IMG_3058.JPG used on input line 42.
(pdftex.def)             Requested size: 117.00119pt x 77.98648pt.

<input_frames/IMG_3059.JPG, id=12, 5637.06pt x 3758.04pt>
File: input_frames/IMG_3059.JPG Graphic file (type jpg)

<use input_frames/IMG_3059.JPG>
Package pdftex.def Info: input_frames/IMG_3059.JPG used on input line 43.
(pdftex.def)             Requested size: 117.00119pt x 77.98648pt.

<input_frames/IMG_3060.JPG, id=13, 5637.06pt x 3758.04pt>
File: input_frames/IMG_3060.JPG Graphic file (type jpg)

<use input_frames/IMG_3060.JPG>
Package pdftex.def Info: input_frames/IMG_3060.JPG used on input line 44.
(pdftex.def)             Requested size: 117.00119pt x 77.98648pt.

<frames/IMG_3056.JPG, id=14, 5637.06pt x 3758.04pt>
File: frames/IMG_3056.JPG Graphic file (type jpg)
 <use frames/IMG_3056.JPG>
Package pdftex.def Info: frames/IMG_3056.JPG used on input line 49.
(pdftex.def)             Requested size: 117.00119pt x 77.98648pt.

<frames/IMG_3057.JPG, id=15, 5637.06pt x 3758.04pt>
File: frames/IMG_3057.JPG Graphic file (type jpg)
 <use frames/IMG_3057.JPG>
Package pdftex.def Info: frames/IMG_3057.JPG used on input line 50.
(pdftex.def)             Requested size: 117.00119pt x 77.98648pt.

<frames/IMG_3058.JPG, id=16, 5637.06pt x 3758.04pt>
File: frames/IMG_3058.JPG Graphic file (type jpg)
 <use frames/IMG_3058.JPG>
Package pdftex.def Info: frames/IMG_3058.JPG used on input line 51.
(pdftex.def)             Requested size: 117.00119pt x 77.98648pt.

<frames/IMG_3059.JPG, id=17, 5637.06pt x 3758.04pt>
File: frames/IMG_3059.JPG Graphic file (type jpg)
 <use frames/IMG_3059.JPG>
Package pdftex.def Info: frames/IMG_3059.JPG used on input line 52.
(pdftex.def)             Requested size: 117.00119pt x 77.98648pt.

<frames/IMG_3060.JPG, id=18, 5637.06pt x 3758.04pt>
File: frames/IMG_3060.JPG Graphic file (type jpg)
 <use frames/IMG_3060.JPG>
Package pdftex.def Info: frames/IMG_3060.JPG used on input line 53.
(pdftex.def)             Requested size: 117.00119pt x 77.98648pt.

[2] [3 <./input_frames/IMG_3056.JPG> <./input_frames/IMG_3057.JPG> <./input_fra
mes/IMG_3058.JPG> <./input_frames/IMG_3059.JPG> <./input_frames/IMG_3060.JPG> <
./frames/IMG_3056.JPG> <./frames/IMG_3057.JPG> <./frames/IMG_3058.JPG> <./frame
s/IMG_3059.JPG> <./frames/IMG_3060.JPG>] (./IanOoi-FinalReport.bbl) [4]
(./IanOoi-FinalReport.aux) ) 
Here is how much of TeX's memory you used:
 2828 strings out of 493308
 40264 string characters out of 6143617
 106718 words of memory out of 5000000
 6261 multiletter control sequences out of 15000+600000
 6410 words of font info for 23 fonts, out of 8000000 for 9000
 957 hyphenation exceptions out of 8191
 38i,6n,39p,945b,239s stack positions out of 5000i,500n,10000p,200000b,80000s
</usr/share/texmf-dist/fonts/type1/public/amsfonts/
cm/cmbx12.pfb></usr/share/texmf-dist/fonts/type1/public/amsfonts/cm/cmr12.pfb><
/usr/share/texmf-dist/fonts/type1/public/amsfonts/cm/cmr17.pfb></usr/share/texm
f-dist/fonts/type1/public/amsfonts/cm/cmti12.pfb>
Output written on IanOoi-FinalReport.pdf (4 pages, 55958782 bytes).
PDF statistics:
 43 PDF objects out of 1000 (max. 8388607)
 22 compressed objects within 1 object stream
 0 named destinations out of 1000 (max. 500000)
 51 words of extra memory for PDF output out of 10000 (max. 10000000)

